<?xml version="1.0" encoding="UTF-8"?>
<!-- Generated by org.testng.reporters.JUnitReportReporter -->
<testsuite hostname="Serveshs-MacBook-Air.local" failures="0" tests="2" name="practiceTestNG.TEST1" time="0.030" errors="0" timestamp="2024-03-22T14:46:35 IST" skipped="0">
  <testcase classname="practiceTestNG.TEST1" name="login2" time="0.024"/>
  <system-out/>
  <testcase classname="practiceTestNG.TEST1" name="setup1" time="0.006"/>
  <system-out/>
</testsuite> <!-- practiceTestNG.TEST1 -->
