<?xml version="1.0" encoding="UTF-8"?>
<!-- Generated by org.testng.reporters.JUnitReportReporter -->
<testsuite hostname="Serveshs-MacBook-Air.local" failures="0" tests="1" name="practiceTestNG.Parallel_test2" time="16.743" errors="0" timestamp="2024-03-27T11:44:36 IST" skipped="0">
  <testcase classname="practiceTestNG.Parallel_test2" name="login" time="16.743"/>
</testsuite> <!-- practiceTestNG.Parallel_test2 -->
