<?xml version="1.0" encoding="UTF-8"?>
<!-- Generated by org.testng.reporters.JUnitReportReporter -->
<testsuite hostname="Serveshs-MacBook-Air.local" failures="0" tests="2" name="practiceTestNG.Grouping_test" time="0.016" errors="0" timestamp="2024-03-21T21:05:43 IST" skipped="0">
  <testcase classname="practiceTestNG.Grouping_test" name="hi1" time="0.014"/>
  <system-out/>
  <testcase classname="practiceTestNG.Grouping_test" name="hi2" time="0.002"/>
  <system-out/>
</testsuite> <!-- practiceTestNG.Grouping_test -->
