<?xml version="1.0" encoding="UTF-8"?>
<!-- Generated by org.testng.reporters.JUnitReportReporter -->
<testsuite hostname="Serveshs-MacBook-Air.local" failures="0" tests="2" name="practiceTestNG.Parallel_Tests" time="41.453" errors="0" timestamp="2024-03-27T11:44:36 IST" skipped="0">
  <testcase classname="practiceTestNG.Parallel_Tests" name="logoTest" time="23.075"/>
  <testcase classname="practiceTestNG.Parallel_Tests" name="titleTest" time="18.378"/>
</testsuite> <!-- practiceTestNG.Parallel_Tests -->
