<?xml version="1.0" encoding="UTF-8"?>
<!-- Generated by org.testng.reporters.JUnitReportReporter -->
<testsuite hostname="Serveshs-MacBook-Air.local" failures="0" tests="3" name="practiceTestNG.FirstTest" time="0.025" errors="0" timestamp="2024-03-20T23:26:20 IST" skipped="1">
  <testcase classname="practiceTestNG.FirstTest" name="login" time="0.022"/>
  <system-out/>
  <testcase classname="practiceTestNG.FirstTest" name="teardown" time="0.003"/>
  <system-out/>
  <testcase classname="practiceTestNG.FirstTest" name="setup">
    <skipped/>
  </testcase> <!-- setup -->
  <system-out/>
</testsuite> <!-- practiceTestNG.FirstTest -->
