<?xml version="1.0" encoding="UTF-8"?>
<!-- Generated by org.testng.reporters.JUnitReportReporter -->
<testsuite hostname="Serveshs-MacBook-Air.local" failures="0" tests="3" name="practiceTestNG.DataProvider" time="0.034" errors="0" timestamp="2024-03-28T21:05:16 IST" skipped="0">
  <testcase classname="practiceTestNG.DataProvider" name="login" time="0.026"/>
  <testcase classname="practiceTestNG.DataProvider" name="login" time="0.003"/>
  <testcase classname="practiceTestNG.DataProvider" name="login" time="0.005"/>
</testsuite> <!-- practiceTestNG.DataProvider -->
