<?xml version="1.0" encoding="UTF-8"?>
<!-- Generated by org.testng.reporters.JUnitReportReporter -->
<testsuite hostname="Serveshs-MacBook-Air.local" failures="0" tests="2" name="practiceTestNG.TEST2" time="0.006" errors="0" timestamp="2024-03-20T22:35:42 IST" skipped="0">
  <testcase classname="practiceTestNG.TEST2" name="login3" time="0.002"/>
  <system-out/>
  <testcase classname="practiceTestNG.TEST2" name="setup2" time="0.004"/>
  <system-out/>
</testsuite> <!-- practiceTestNG.TEST2 -->
