<?xml version="1.0" encoding="UTF-8"?>
<!-- Generated by org.testng.reporters.JUnitReportReporter -->
<testsuite hostname="Serveshs-MacBook-Air.local" failures="0" tests="3" name="practiceTestNG.SecondTry" time="0.038" errors="0" timestamp="2024-03-15T00:15:05 IST" skipped="0">
  <testcase classname="practiceTestNG.SecondTry" name="search" time="0.031"/>
  <system-out/>
  <testcase classname="practiceTestNG.SecondTry" name="setup" time="0.002"/>
  <system-out/>
  <testcase classname="practiceTestNG.SecondTry" name="findelem" time="0.005"/>
  <system-out/>
</testsuite> <!-- practiceTestNG.SecondTry -->
